<?xml version="1.0" encoding="UTF-8"?>
<!-- Generated by org.testng.reporters.JUnitReportReporter -->
<testsuite skipped="0" hostname="DESKTOP-8KRE8I6" name="Com.sanity.tests.Loginincorreruser" tests="1" failures="0" timestamp="2020-09-29T21:15:52 CDT" time="10.588" errors="0">
  <testcase name="validLoginorretuserTest" time="10.588" classname="Com.sanity.tests.Loginincorreruser"/>
</testsuite> <!-- Com.sanity.tests.Loginincorreruser -->
