<?xml version="1.0" encoding="UTF-8"?>
<!-- Generated by org.testng.reporters.JUnitReportReporter -->
<testsuite skipped="0" hostname="DESKTOP-8KRE8I6" name="Com.sanity.tests.TestTabs" tests="2" failures="0" timestamp="2020-09-29T14:51:04 CDT" time="20.658" errors="0">
  <testcase name="validTestTabsTest" time="15.270" classname="Com.sanity.tests.TestTabs"/>
  <testcase name="DashboardTest" time="5.388" classname="Com.sanity.tests.TestTabs"/>
</testsuite> <!-- Com.sanity.tests.TestTabs -->
