<?xml version="1.0" encoding="UTF-8"?>
<!-- Generated by org.testng.reporters.JUnitReportReporter -->
<testsuite skipped="0" hostname="DESKTOP-8KRE8I6" name="Com.sanity.tests.Loginworngpwd" tests="1" failures="0" timestamp="2020-09-29T21:15:52 CDT" time="11.413" errors="0">
  <testcase name="validLoginTest" time="11.413" classname="Com.sanity.tests.Loginworngpwd"/>
</testsuite> <!-- Com.sanity.tests.Loginworngpwd -->
